0 info it worked if it ends with ok
1 verbose cli [ 'C:\\Program Files\\nodejs\\node.exe',
1 verbose cli   'C:\\Program Files\\nodejs\\node_modules\\npm\\bin\\npm-cli.js',
1 verbose cli   'install',
1 verbose cli   'animate.css',
1 verbose cli   '--save' ]
2 info using npm@4.0.5
3 info using node@v7.4.0
4 warn invalid config proxy=""
5 warn invalid config Must be a full url with 'http://'
6 silly loadCurrentTree Starting
7 silly install loadCurrentTree
8 silly install readLocalPackageData
9 silly fetchPackageMetaData animate.css
10 silly fetchNamedPackageData animate.css
11 silly mapToRegistry name animate.css
12 silly mapToRegistry using default registry
13 silly mapToRegistry registry http://registry.npmjs.org/
14 silly mapToRegistry data Result {
14 silly mapToRegistry   raw: 'animate.css',
14 silly mapToRegistry   scope: null,
14 silly mapToRegistry   escapedName: 'animate.css',
14 silly mapToRegistry   name: 'animate.css',
14 silly mapToRegistry   rawSpec: '',
14 silly mapToRegistry   spec: 'latest',
14 silly mapToRegistry   type: 'tag' }
15 silly mapToRegistry uri http://registry.npmjs.org/animate.css
16 verbose request uri http://registry.npmjs.org/animate.css
17 verbose request no auth needed
18 info attempt registry request try #1 at 6:49:15 PM
19 verbose request id f232db9d2ee5af9d
20 http request GET http://registry.npmjs.org/animate.css
21 http 200 http://registry.npmjs.org/animate.css
22 verbose bad json <!DOCTYPE HTML PUBLIC "-//W3C//DTD HTML 4.01//EN" "http://www.w3.org/TR/html4/strict.dtd">
22 verbose bad json <html>
22 verbose bad json <head>
22 verbose bad json <meta http-equiv="Content-Type" content="text/html; charset=utf-8">
22 verbose bad json <META HTTP-EQUIV="PRAGMA" CONTENT="NO-CACHE">
22 verbose bad json <meta name="viewport" content="initial-scale=1.0">
22 verbose bad json <title>User Identification Portal</title>
22 verbose bad json <style>
22 verbose bad json 	html, body{
22 verbose bad json 		height: 99%;
22 verbose bad json 	}
22 verbose bad json 	body {
22 verbose bad json 		color: #111;
22 verbose bad json 		font-family: Verdana,Arial,Helvetica,sans-serif;
22 verbose bad json 		background-color:#d2d6dA;
22 verbose bad json 		vertical-align: middle;
22 verbose bad json 	}
22 verbose bad json 	#activearea {
22 verbose bad json 		border-width: 2px;
22 verbose bad json 		border-color: #c2c6cA;
22 verbose bad json 		border-style: solid;
22 verbose bad json 		border-radius: 15px;
22 verbose bad json 		background-color: #ffffff;
22 verbose bad json 		padding: 20px;
22 verbose bad json 		max-width: 400px;
22 verbose bad json 		margin-left: auto;
22 verbose bad json 		margin-right: auto;
22 verbose bad json 	}
22 verbose bad json 	#heading {
22 verbose bad json 		font-size: 1.1em;
22 verbose bad json 		font-weight: bold;
22 verbose bad json 		max-width: 400px;
22 verbose bad json 		margin-left: auto;
22 verbose bad json 		margin-right: auto;
22 verbose bad json 		text-align: center;
22 verbose bad json 	}
22 verbose bad json 	#desc {
22 verbose bad json 		font-size: 1em;
22 verbose bad json 		margin: 15px;
22 verbose bad json 		max-width: 400px;
22 verbose bad json 		text-align: left;
22 verbose bad json 		margin-left: auto;
22 verbose bad json 		margin-right: auto;
22 verbose bad json 	}
22 verbose bad json 	form td span {
22 verbose bad json 		font-size: 1em;
22 verbose bad json 		font-weight: bold;
22 verbose bad json 	}
22 verbose bad json 	#formtable {
22 verbose bad json 		height: 100%;
22 verbose bad json 		width: 100%;
22 verbose bad json 	}
22 verbose bad json 	#taLogin {
22 verbose bad json 		width: 250px;
22 verbose bad json 		margin-left: auto;
22 verbose bad json 		margin-right: auto;
22 verbose bad json 	}
22 verbose bad json 	.buttonFixed {
22 verbose bad json 		font-size: 1em;
22 verbose bad json 	}
22 verbose bad json 	.msg {
22 verbose bad json 		background-color: #ffff99;
22 verbose bad json 		border-width: 2px;
22 verbose bad json 		border-color: #ff0000;
22 verbose bad json 		border-style: solid;
22 verbose bad json 		border-radius: 5px;
22 verbose bad json 		margin-top: 0.5em;
22 verbose bad json 		padding: 0.5em;
22 verbose bad json 		max-height: 150px;
22 verbose bad json 		height: expression( this.scrollHeight > 150 ? "150px" : "auto" ); /* sets max-height for IE */
22 verbose bad json 		overflow: auto;
22 verbose bad json 		font-size: 1em;
22 verbose bad json 	}
22 verbose bad json </style>
22 verbose bad json </head>
22 verbose bad json <body onload="loadPage();">
22 verbose bad json <table id="formtable">
22 verbose bad json <tr><td>
22 verbose bad json 	<div id="activearea">
22 verbose bad json 		<div id="heading">Welcome To Chitkara University Captive Portal</div>
22 verbose bad json 		<div id="desc">       Please enter your credentials.</div>
22 verbose bad json 		<div id="formdiv">
22 verbose bad json            <script>
22 verbose bad json function loadPage() {
22 verbose bad json 	document.login.user.value = "";
22 verbose bad json     if (document.login.user.value == '')
22 verbose bad json 	    document.login.user.focus();
22 verbose bad json     var errMsg = "";
22 verbose bad json 	var respStatus = "";
22 verbose bad json 	var respMsg = "";
22 verbose bad json 	if (respStatus == "Error") {
22 verbose bad json         if (errMsg != "")
22 verbose bad json 			errMsg += "<br><br>";
22 verbose bad json 		errMsg += "<li>"+respMsg;
22 verbose bad json 	} else if (respStatus == "Challenge") {
22 verbose bad json 		var divUserName = document.getElementById("dUserName");
22 verbose bad json 		divUserName.style.display = "none";
22 verbose bad json 		var passwdTitle = document.getElementById("passwdTitle");
22 verbose bad json 		passwdTitle.innerHTML = "";
22 verbose bad json 		var divInputStr = document.getElementById("dInputStr");
22 verbose bad json 		divInputStr.style.display = "block";
22 verbose bad json 		divInputStr.innerHTML = respMsg;
22 verbose bad json 	}
22 verbose bad json 	if (errMsg != "") {
22 verbose bad json 		var divObj = document.getElementById("dError");
22 verbose bad json 		divObj.style.display = "block";
22 verbose bad json 		divObj.innerHTML = errMsg;
22 verbose bad json     }
22 verbose bad json }
22 verbose bad json function submitClicked() {
22 verbose bad json     var thisForm = document.getElementById("login_form");
22 verbose bad json 	// hide the error div, just incase it was showing.
22 verbose bad json 	var divObj = document.getElementById("dError");
22 verbose bad json 	divObj.style.display = "none";
22 verbose bad json 	divObj.innerHTML = "";
22 verbose bad json 	var divTaLogin = document.getElementById("taLogin");
22 verbose bad json 	divTaLogin.style.display = "none";
22 verbose bad json     thisForm.inputStr.value = "";
22 verbose bad json     thisForm.escapeUser.value = thisForm.user.value.replace(/\\/g, "\\\\");
22 verbose bad json }
22 verbose bad json function onClickHandler() {
22 verbose bad json     submitClicked();
22 verbose bad json }
22 verbose bad json </script>
22 verbose bad json  <form name="login" id="login_form" method="post">
22 verbose bad json         <input type='hidden' name="inputStr" value="">
22 verbose bad json         <input type='hidden' name="escapeUser" value="">
22 verbose bad json         <div id="taLogin">
22 verbose bad json              <table>
22 verbose bad json                   <tr id="dUserName">
22 verbose bad json                       <td><span id="userTitle">User</span></td>
22 verbose bad json 	                  <td><input type="text" id="user" name="user" size="19"></td>
22 verbose bad json 	              </tr>
22 verbose bad json 	              <tr>
22 verbose bad json                       <td><span id="passwdTitle">Password</span></td>
22 verbose bad json 	                  <td>
22 verbose bad json                           <div id="dInputStr" style="display:none"><br></div>
22 verbose bad json 						  <input type="password" maxlength="40" size="19" name="passwd">
22 verbose bad json 	                  </td></tr><tr><td>&nbsp;</td> <td><input class="buttonFixed" type="submit" id="submit"
22 verbose bad json                           name="ok" value="Login" onClick="submitClicked()"></td>
22 verbose bad json 	              </tr></table></div></form> <div id="dError" class="msg" style="display:none"></div>
22 verbose bad json 		</div>
22 verbose bad json 	</div>
22 verbose bad json </td></tr>
22 verbose bad json </table>
22 verbose bad json </body>
22 verbose bad json </html>
23 error registry error parsing json
24 verbose headers { server: '',
24 verbose headers   date: 'Wed, 08 Nov 2017 13:19:00 GMT',
24 verbose headers   'content-type': 'text/html',
24 verbose headers   'content-length': '4113',
24 verbose headers   connection: 'close',
24 verbose headers   'x-frame-options': 'deny',
24 verbose headers   'cache-control': 'no-cache',
24 verbose headers   'set-cookie': [ 'SESSID=f4MBAVoDBESP2GJWA48wAg==; expires=Thu, 09-Nov-17 13:19:00 GMT; path=/' ] }
25 silly get cb [ 200,
25 silly get   { server: '',
25 silly get     date: 'Wed, 08 Nov 2017 13:19:00 GMT',
25 silly get     'content-type': 'text/html',
25 silly get     'content-length': '4113',
25 silly get     connection: 'close',
25 silly get     'x-frame-options': 'deny',
25 silly get     'cache-control': 'no-cache',
25 silly get     'set-cookie': [ 'SESSID=f4MBAVoDBESP2GJWA48wAg==; expires=Thu, 09-Nov-17 13:19:00 GMT; path=/' ] } ]
26 silly fetchPackageMetaData SyntaxError: Unexpected token < in JSON at position 0
26 silly fetchPackageMetaData <!DOCTYPE HTML PUBLIC "-//W3C//DTD HTML 4.01//EN" "http://www.w3.org/TR/html4/strict.dtd">
26 silly fetchPackageMetaData <html>
26 silly fetchPackageMetaData <head>
26 silly fetchPackageMetaData <meta http-equiv="Content-Type" content="text/html; charset=utf-8">
26 silly fetchPackageMetaData <META HTTP-EQUIV="PRAGMA" CONTENT="NO-CACHE">
26 silly fetchPackageMetaData <meta name="viewport" content="initial-scale=1.0">
26 silly fetchPackageMetaData <title>User Identification Portal</title>
26 silly fetchPackageMetaData <style>
26 silly fetchPackageMetaData 	html, body{
26 silly fetchPackageMetaData 		height: 99%;
26 silly fetchPackageMetaData 	}
26 silly fetchPackageMetaData 	body {
26 silly fetchPackageMetaData 		color: #111;
26 silly fetchPackageMetaData 		font-family: Verdana,Arial,Helvetica,sans-serif;
26 silly fetchPackageMetaData 		background-color:#d2d6dA;
26 silly fetchPackageMetaData 		vertical-align: middle;
26 silly fetchPackageMetaData 	}
26 silly fetchPackageMetaData 	#activearea {
26 silly fetchPackageMetaData 		border-width: 2px;
26 silly fetchPackageMetaData 		border-color: #c2c6cA;
26 silly fetchPackageMetaData 		border-style: solid;
26 silly fetchPackageMetaData 		border-radius: 15px;
26 silly fetchPackageMetaData 		background-color: #ffffff;
26 silly fetchPackageMetaData 		padding: 20px;
26 silly fetchPackageMetaData 		max-width: 400px;
26 silly fetchPackageMetaData 		margin-left: auto;
26 silly fetchPackageMetaData 		margin-right: auto;
26 silly fetchPackageMetaData 	}
26 silly fetchPackageMetaData 	#heading {
26 silly fetchPackageMetaData 		font-size: 1.1em;
26 silly fetchPackageMetaData 		font-weight: bold;
26 silly fetchPackageMetaData 		max-width: 400px;
26 silly fetchPackageMetaData 		margin-left: auto;
26 silly fetchPackageMetaData 		margin-right: auto;
26 silly fetchPackageMetaData 		text-align: center;
26 silly fetchPackageMetaData 	}
26 silly fetchPackageMetaData 	#desc {
26 silly fetchPackageMetaData 		font-size: 1em;
26 silly fetchPackageMetaData 		margin: 15px;
26 silly fetchPackageMetaData 		max-width: 400px;
26 silly fetchPackageMetaData 		text-align: left;
26 silly fetchPackageMetaData 		margin-left: auto;
26 silly fetchPackageMetaData 		margin-right: auto;
26 silly fetchPackageMetaData 	}
26 silly fetchPackageMetaData 	form td span {
26 silly fetchPackageMetaData 		font-size: 1em;
26 silly fetchPackageMetaData 		font-weight: bold;
26 silly fetchPackageMetaData 	}
26 silly fetchPackageMetaData 	#formtable {
26 silly fetchPackageMetaData 		height: 100%;
26 silly fetchPackageMetaData 		width: 100%;
26 silly fetchPackageMetaData 	}
26 silly fetchPackageMetaData 	#taLogin {
26 silly fetchPackageMetaData 		width: 250px;
26 silly fetchPackageMetaData 		margin-left: auto;
26 silly fetchPackageMetaData 		margin-right: auto;
26 silly fetchPackageMetaData 	}
26 silly fetchPackageMetaData 	.buttonFixed {
26 silly fetchPackageMetaData 		font-size: 1em;
26 silly fetchPackageMetaData 	}
26 silly fetchPackageMetaData 	.msg {
26 silly fetchPackageMetaData 		background-color: #ffff99;
26 silly fetchPackageMetaData 		border-width: 2px;
26 silly fetchPackageMetaData 		border-color: #ff0000;
26 silly fetchPackageMetaData 		border-style: solid;
26 silly fetchPackageMetaData 		border-radius: 5px;
26 silly fetchPackageMetaData 		margin-top: 0.5em;
26 silly fetchPackageMetaData 		padding: 0.5em;
26 silly fetchPackageMetaData 		max-height: 150px;
26 silly fetchPackageMetaData 		height: expression( this.scrollHeight > 150 ? "150px" : "auto" ); /* sets max-height for IE */
26 silly fetchPackageMetaData 		overflow: auto;
26 silly fetchPackageMetaData 		font-size: 1em;
26 silly fetchPackageMetaData 	}
26 silly fetchPackageMetaData </style>
26 silly fetchPackageMetaData </head>
26 silly fetchPackageMetaData <body onload="loadPage();">
26 silly fetchPackageMetaData <table id="formtable">
26 silly fetchPackageMetaData <tr><td>
26 silly fetchPackageMetaData 	<div id="activearea">
26 silly fetchPackageMetaData 		<div id="heading">Welcome To Chitkara University Captive Portal</div>
26 silly fetchPackageMetaData 		<div id="desc">       Please enter your credentials.</div>
26 silly fetchPackageMetaData 		<div id="formdiv">
26 silly fetchPackageMetaData            <script>
26 silly fetchPackageMetaData function loadPage() {
26 silly fetchPackageMetaData 	document.login.user.value = "";
26 silly fetchPackageMetaData     if (document.login.user.value == '')
26 silly fetchPackageMetaData 	    document.login.user.focus();
26 silly fetchPackageMetaData     var errMsg = "";
26 silly fetchPackageMetaData 	var respStatus = "";
26 silly fetchPackageMetaData 	var respMsg = "";
26 silly fetchPackageMetaData 	if (respStatus == "Error") {
26 silly fetchPackageMetaData         if (errMsg != "")
26 silly fetchPackageMetaData 			errMsg += "<br><br>";
26 silly fetchPackageMetaData 		errMsg += "<li>"+respMsg;
26 silly fetchPackageMetaData 	} else if (respStatus == "Challenge") {
26 silly fetchPackageMetaData 		var divUserName = document.getElementById("dUserName");
26 silly fetchPackageMetaData 		divUserName.style.display = "none";
26 silly fetchPackageMetaData 		var passwdTitle = document.getElementById("passwdTitle");
26 silly fetchPackageMetaData 		passwdTitle.innerHTML = "";
26 silly fetchPackageMetaData 		var divInputStr = document.getElementById("dInputStr");
26 silly fetchPackageMetaData 		divInputStr.style.display = "block";
26 silly fetchPackageMetaData 		divInputStr.innerHTML = respMsg;
26 silly fetchPackageMetaData 	}
26 silly fetchPackageMetaData 	if (errMsg != "") {
26 silly fetchPackageMetaData 		var divObj = document.getElementById("dError");
26 silly fetchPackageMetaData 		divObj.style.display = "block";
26 silly fetchPackageMetaData 		divObj.innerHTML = errMsg;
26 silly fetchPackageMetaData     }
26 silly fetchPackageMetaData }
26 silly fetchPackageMetaData function submitClicked() {
26 silly fetchPackageMetaData     var thisForm = document.getElementById("login_form");
26 silly fetchPackageMetaData 	// hide the error div, just incase it was showing.
26 silly fetchPackageMetaData 	var divObj = document.getElementById("dError");
26 silly fetchPackageMetaData 	divObj.style.display = "none";
26 silly fetchPackageMetaData 	divObj.innerHTML = "";
26 silly fetchPackageMetaData 	var divTaLogin = document.getElementById("taLogin");
26 silly fetchPackageMetaData 	divTaLogin.style.display = "none";
26 silly fetchPackageMetaData     thisForm.inputStr.value = "";
26 silly fetchPackageMetaData     thisForm.escapeUser.value = thisForm.user.value.replace(/\\/g, "\\\\");
26 silly fetchPackageMetaData }
26 silly fetchPackageMetaData function onClickHandler() {
26 silly fetchPackageMetaData     submitClicked();
26 silly fetchPackageMetaData }
26 silly fetchPackageMetaData </script>
26 silly fetchPackageMetaData  <form name="login" id="login_form" method="post">
26 silly fetchPackageMetaData         <input type='hidden' name="inputStr" value="">
26 silly fetchPackageMetaData         <input type='hidden' name="escapeUser" value="">
26 silly fetchPackageMetaData         <div id="taLogin">
26 silly fetchPackageMetaData              <table>
26 silly fetchPackageMetaData                   <tr id="dUserName">
26 silly fetchPackageMetaData                       <td><span id="userTitle">User</span></td>
26 silly fetchPackageMetaData 	                  <td><input type="text" id="user" name="user" size="19"></td>
26 silly fetchPackageMetaData 	              </tr>
26 silly fetchPackageMetaData 	              <tr>
26 silly fetchPackageMetaData                       <td><span id="passwdTitle">Password</span></td>
26 silly fetchPackageMetaData 	                  <td>
26 silly fetchPackageMetaData                           <div id="dInputStr" style="display:none"><br></div>
26 silly fetchPackageMetaData 						  <input type="password" maxlength="40" size="19" name="passwd">
26 silly fetchPackageMetaData 	                  </td></tr><tr><td>&nbsp;</td> <td><input class="buttonFixed" type="submit" id="submit"
26 silly fetchPackageMetaData                           name="ok" value="Login" onClick="submitClicked()"></td>
26 silly fetchPackageMetaData 	              </tr></table></div></form> <div id="dError" class="msg" style="display:none"></div>
26 silly fetchPackageMetaData 		</div>
26 silly fetchPackageMetaData 	</div>
26 silly fetchPackageMetaData </td></tr>
26 silly fetchPackageMetaData </table>
26 silly fetchPackageMetaData </body>
26 silly fetchPackageMetaData </html>
26 silly fetchPackageMetaData
26 silly fetchPackageMetaData     at JSON.parse (<anonymous>)
26 silly fetchPackageMetaData     at CachingRegistryClient.<anonymous> (C:\Program Files\nodejs\node_modules\npm\node_modules\npm-registry-client\lib\request.js:237:23)
26 silly fetchPackageMetaData     at Request._callback (C:\Program Files\nodejs\node_modules\npm\node_modules\npm-registry-client\lib\request.js:210:14)
26 silly fetchPackageMetaData     at Request.self.callback (C:\Program Files\nodejs\node_modules\npm\node_modules\request\request.js:186:22)
26 silly fetchPackageMetaData     at emitTwo (events.js:106:13)
26 silly fetchPackageMetaData     at Request.emit (events.js:191:7)
26 silly fetchPackageMetaData     at Request.<anonymous> (C:\Program Files\nodejs\node_modules\npm\node_modules\request\request.js:1081:10)
26 silly fetchPackageMetaData     at emitOne (events.js:96:13)
26 silly fetchPackageMetaData     at Request.emit (events.js:188:7)
26 silly fetchPackageMetaData     at IncomingMessage.<anonymous> (C:\Program Files\nodejs\node_modules\npm\node_modules\request\request.js:1001:12)
26 silly fetchPackageMetaData  error for animate.css SyntaxError: Unexpected token < in JSON at position 0
26 silly fetchPackageMetaData <!DOCTYPE HTML PUBLIC "-//W3C//DTD HTML 4.01//EN" "http://www.w3.org/TR/html4/strict.dtd">
26 silly fetchPackageMetaData <html>
26 silly fetchPackageMetaData <head>
26 silly fetchPackageMetaData <meta http-equiv="Content-Type" content="text/html; charset=utf-8">
26 silly fetchPackageMetaData <META HTTP-EQUIV="PRAGMA" CONTENT="NO-CACHE">
26 silly fetchPackageMetaData <meta name="viewport" content="initial-scale=1.0">
26 silly fetchPackageMetaData <title>User Identification Portal</title>
26 silly fetchPackageMetaData <style>
26 silly fetchPackageMetaData 	html, body{
26 silly fetchPackageMetaData 		height: 99%;
26 silly fetchPackageMetaData 	}
26 silly fetchPackageMetaData 	body {
26 silly fetchPackageMetaData 		color: #111;
26 silly fetchPackageMetaData 		font-family: Verdana,Arial,Helvetica,sans-serif;
26 silly fetchPackageMetaData 		background-color:#d2d6dA;
26 silly fetchPackageMetaData 		vertical-align: middle;
26 silly fetchPackageMetaData 	}
26 silly fetchPackageMetaData 	#activearea {
26 silly fetchPackageMetaData 		border-width: 2px;
26 silly fetchPackageMetaData 		border-color: #c2c6cA;
26 silly fetchPackageMetaData 		border-style: solid;
26 silly fetchPackageMetaData 		border-radius: 15px;
26 silly fetchPackageMetaData 		background-color: #ffffff;
26 silly fetchPackageMetaData 		padding: 20px;
26 silly fetchPackageMetaData 		max-width: 400px;
26 silly fetchPackageMetaData 		margin-left: auto;
26 silly fetchPackageMetaData 		margin-right: auto;
26 silly fetchPackageMetaData 	}
26 silly fetchPackageMetaData 	#heading {
26 silly fetchPackageMetaData 		font-size: 1.1em;
26 silly fetchPackageMetaData 		font-weight: bold;
26 silly fetchPackageMetaData 		max-width: 400px;
26 silly fetchPackageMetaData 		margin-left: auto;
26 silly fetchPackageMetaData 		margin-right: auto;
26 silly fetchPackageMetaData 		text-align: center;
26 silly fetchPackageMetaData 	}
26 silly fetchPackageMetaData 	#desc {
26 silly fetchPackageMetaData 		font-size: 1em;
26 silly fetchPackageMetaData 		margin: 15px;
26 silly fetchPackageMetaData 		max-width: 400px;
26 silly fetchPackageMetaData 		text-align: left;
26 silly fetchPackageMetaData 		margin-left: auto;
26 silly fetchPackageMetaData 		margin-right: auto;
26 silly fetchPackageMetaData 	}
26 silly fetchPackageMetaData 	form td span {
26 silly fetchPackageMetaData 		font-size: 1em;
26 silly fetchPackageMetaData 		font-weight: bold;
26 silly fetchPackageMetaData 	}
26 silly fetchPackageMetaData 	#formtable {
26 silly fetchPackageMetaData 		height: 100%;
26 silly fetchPackageMetaData 		width: 100%;
26 silly fetchPackageMetaData 	}
26 silly fetchPackageMetaData 	#taLogin {
26 silly fetchPackageMetaData 		width: 250px;
26 silly fetchPackageMetaData 		margin-left: auto;
26 silly fetchPackageMetaData 		margin-right: auto;
26 silly fetchPackageMetaData 	}
26 silly fetchPackageMetaData 	.buttonFixed {
26 silly fetchPackageMetaData 		font-size: 1em;
26 silly fetchPackageMetaData 	}
26 silly fetchPackageMetaData 	.msg {
26 silly fetchPackageMetaData 		background-color: #ffff99;
26 silly fetchPackageMetaData 		border-width: 2px;
26 silly fetchPackageMetaData 		border-color: #ff0000;
26 silly fetchPackageMetaData 		border-style: solid;
26 silly fetchPackageMetaData 		border-radius: 5px;
26 silly fetchPackageMetaData 		margin-top: 0.5em;
26 silly fetchPackageMetaData 		padding: 0.5em;
26 silly fetchPackageMetaData 		max-height: 150px;
26 silly fetchPackageMetaData 		height: expression( this.scrollHeight > 150 ? "150px" : "auto" ); /* sets max-height for IE */
26 silly fetchPackageMetaData 		overflow: auto;
26 silly fetchPackageMetaData 		font-size: 1em;
26 silly fetchPackageMetaData 	}
26 silly fetchPackageMetaData </style>
26 silly fetchPackageMetaData </head>
26 silly fetchPackageMetaData <body onload="loadPage();">
26 silly fetchPackageMetaData <table id="formtable">
26 silly fetchPackageMetaData <tr><td>
26 silly fetchPackageMetaData 	<div id="activearea">
26 silly fetchPackageMetaData 		<div id="heading">Welcome To Chitkara University Captive Portal</div>
26 silly fetchPackageMetaData 		<div id="desc">       Please enter your credentials.</div>
26 silly fetchPackageMetaData 		<div id="formdiv">
26 silly fetchPackageMetaData            <script>
26 silly fetchPackageMetaData function loadPage() {
26 silly fetchPackageMetaData 	document.login.user.value = "";
26 silly fetchPackageMetaData     if (document.login.user.value == '')
26 silly fetchPackageMetaData 	    document.login.user.focus();
26 silly fetchPackageMetaData     var errMsg = "";
26 silly fetchPackageMetaData 	var respStatus = "";
26 silly fetchPackageMetaData 	var respMsg = "";
26 silly fetchPackageMetaData 	if (respStatus == "Error") {
26 silly fetchPackageMetaData         if (errMsg != "")
26 silly fetchPackageMetaData 			errMsg += "<br><br>";
26 silly fetchPackageMetaData 		errMsg += "<li>"+respMsg;
26 silly fetchPackageMetaData 	} else if (respStatus == "Challenge") {
26 silly fetchPackageMetaData 		var divUserName = document.getElementById("dUserName");
26 silly fetchPackageMetaData 		divUserName.style.display = "none";
26 silly fetchPackageMetaData 		var passwdTitle = document.getElementById("passwdTitle");
26 silly fetchPackageMetaData 		passwdTitle.innerHTML = "";
26 silly fetchPackageMetaData 		var divInputStr = document.getElementById("dInputStr");
26 silly fetchPackageMetaData 		divInputStr.style.display = "block";
26 silly fetchPackageMetaData 		divInputStr.innerHTML = respMsg;
26 silly fetchPackageMetaData 	}
26 silly fetchPackageMetaData 	if (errMsg != "") {
26 silly fetchPackageMetaData 		var divObj = document.getElementById("dError");
26 silly fetchPackageMetaData 		divObj.style.display = "block";
26 silly fetchPackageMetaData 		divObj.innerHTML = errMsg;
26 silly fetchPackageMetaData     }
26 silly fetchPackageMetaData }
26 silly fetchPackageMetaData function submitClicked() {
26 silly fetchPackageMetaData     var thisForm = document.getElementById("login_form");
26 silly fetchPackageMetaData 	// hide the error div, just incase it was showing.
26 silly fetchPackageMetaData 	var divObj = document.getElementById("dError");
26 silly fetchPackageMetaData 	divObj.style.display = "none";
26 silly fetchPackageMetaData 	divObj.innerHTML = "";
26 silly fetchPackageMetaData 	var divTaLogin = document.getElementById("taLogin");
26 silly fetchPackageMetaData 	divTaLogin.style.display = "none";
26 silly fetchPackageMetaData     thisForm.inputStr.value = "";
26 silly fetchPackageMetaData     thisForm.escapeUser.value = thisForm.user.value.replace(/\\/g, "\\\\");
26 silly fetchPackageMetaData }
26 silly fetchPackageMetaData function onClickHandler() {
26 silly fetchPackageMetaData     submitClicked();
26 silly fetchPackageMetaData }
26 silly fetchPackageMetaData </script>
26 silly fetchPackageMetaData  <form name="login" id="login_form" method="post">
26 silly fetchPackageMetaData         <input type='hidden' name="inputStr" value="">
26 silly fetchPackageMetaData         <input type='hidden' name="escapeUser" value="">
26 silly fetchPackageMetaData         <div id="taLogin">
26 silly fetchPackageMetaData              <table>
26 silly fetchPackageMetaData                   <tr id="dUserName">
26 silly fetchPackageMetaData                       <td><span id="userTitle">User</span></td>
26 silly fetchPackageMetaData 	                  <td><input type="text" id="user" name="user" size="19"></td>
26 silly fetchPackageMetaData 	              </tr>
26 silly fetchPackageMetaData 	              <tr>
26 silly fetchPackageMetaData                       <td><span id="passwdTitle">Password</span></td>
26 silly fetchPackageMetaData 	                  <td>
26 silly fetchPackageMetaData                           <div id="dInputStr" style="display:none"><br></div>
26 silly fetchPackageMetaData 						  <input type="password" maxlength="40" size="19" name="passwd">
26 silly fetchPackageMetaData 	                  </td></tr><tr><td>&nbsp;</td> <td><input class="buttonFixed" type="submit" id="submit"
26 silly fetchPackageMetaData                           name="ok" value="Login" onClick="submitClicked()"></td>
26 silly fetchPackageMetaData 	              </tr></table></div></form> <div id="dError" class="msg" style="display:none"></div>
26 silly fetchPackageMetaData 		</div>
26 silly fetchPackageMetaData 	</div>
26 silly fetchPackageMetaData </td></tr>
26 silly fetchPackageMetaData </table>
26 silly fetchPackageMetaData </body>
26 silly fetchPackageMetaData </html>
26 silly fetchPackageMetaData
26 silly fetchPackageMetaData     at JSON.parse (<anonymous>)
26 silly fetchPackageMetaData     at CachingRegistryClient.<anonymous> (C:\Program Files\nodejs\node_modules\npm\node_modules\npm-registry-client\lib\request.js:237:23)
26 silly fetchPackageMetaData     at Request._callback (C:\Program Files\nodejs\node_modules\npm\node_modules\npm-registry-client\lib\request.js:210:14)
26 silly fetchPackageMetaData     at Request.self.callback (C:\Program Files\nodejs\node_modules\npm\node_modules\request\request.js:186:22)
26 silly fetchPackageMetaData     at emitTwo (events.js:106:13)
26 silly fetchPackageMetaData     at Request.emit (events.js:191:7)
26 silly fetchPackageMetaData     at Request.<anonymous> (C:\Program Files\nodejs\node_modules\npm\node_modules\request\request.js:1081:10)
26 silly fetchPackageMetaData     at emitOne (events.js:96:13)
26 silly fetchPackageMetaData     at Request.emit (events.js:188:7)
26 silly fetchPackageMetaData     at IncomingMessage.<anonymous> (C:\Program Files\nodejs\node_modules\npm\node_modules\request\request.js:1001:12)
27 silly rollbackFailedOptional Starting
28 silly rollbackFailedOptional Finishing
29 silly runTopLevelLifecycles Finishing
30 silly install printInstalled
31 verbose stack SyntaxError: Unexpected token < in JSON at position 0
31 verbose stack <!DOCTYPE HTML PUBLIC "-//W3C//DTD HTML 4.01//EN" "http://www.w3.org/TR/html4/strict.dtd">
31 verbose stack <html>
31 verbose stack <head>
31 verbose stack <meta http-equiv="Content-Type" content="text/html; charset=utf-8">
31 verbose stack <META HTTP-EQUIV="PRAGMA" CONTENT="NO-CACHE">
31 verbose stack <meta name="viewport" content="initial-scale=1.0">
31 verbose stack <title>User Identification Portal</title>
31 verbose stack <style>
31 verbose stack 	html, body{
31 verbose stack 		height: 99%;
31 verbose stack 	}
31 verbose stack 	body {
31 verbose stack 		color: #111;
31 verbose stack 		font-family: Verdana,Arial,Helvetica,sans-serif;
31 verbose stack 		background-color:#d2d6dA;
31 verbose stack 		vertical-align: middle;
31 verbose stack 	}
31 verbose stack 	#activearea {
31 verbose stack 		border-width: 2px;
31 verbose stack 		border-color: #c2c6cA;
31 verbose stack 		border-style: solid;
31 verbose stack 		border-radius: 15px;
31 verbose stack 		background-color: #ffffff;
31 verbose stack 		padding: 20px;
31 verbose stack 		max-width: 400px;
31 verbose stack 		margin-left: auto;
31 verbose stack 		margin-right: auto;
31 verbose stack 	}
31 verbose stack 	#heading {
31 verbose stack 		font-size: 1.1em;
31 verbose stack 		font-weight: bold;
31 verbose stack 		max-width: 400px;
31 verbose stack 		margin-left: auto;
31 verbose stack 		margin-right: auto;
31 verbose stack 		text-align: center;
31 verbose stack 	}
31 verbose stack 	#desc {
31 verbose stack 		font-size: 1em;
31 verbose stack 		margin: 15px;
31 verbose stack 		max-width: 400px;
31 verbose stack 		text-align: left;
31 verbose stack 		margin-left: auto;
31 verbose stack 		margin-right: auto;
31 verbose stack 	}
31 verbose stack 	form td span {
31 verbose stack 		font-size: 1em;
31 verbose stack 		font-weight: bold;
31 verbose stack 	}
31 verbose stack 	#formtable {
31 verbose stack 		height: 100%;
31 verbose stack 		width: 100%;
31 verbose stack 	}
31 verbose stack 	#taLogin {
31 verbose stack 		width: 250px;
31 verbose stack 		margin-left: auto;
31 verbose stack 		margin-right: auto;
31 verbose stack 	}
31 verbose stack 	.buttonFixed {
31 verbose stack 		font-size: 1em;
31 verbose stack 	}
31 verbose stack 	.msg {
31 verbose stack 		background-color: #ffff99;
31 verbose stack 		border-width: 2px;
31 verbose stack 		border-color: #ff0000;
31 verbose stack 		border-style: solid;
31 verbose stack 		border-radius: 5px;
31 verbose stack 		margin-top: 0.5em;
31 verbose stack 		padding: 0.5em;
31 verbose stack 		max-height: 150px;
31 verbose stack 		height: expression( this.scrollHeight > 150 ? "150px" : "auto" ); /* sets max-height for IE */
31 verbose stack 		overflow: auto;
31 verbose stack 		font-size: 1em;
31 verbose stack 	}
31 verbose stack </style>
31 verbose stack </head>
31 verbose stack <body onload="loadPage();">
31 verbose stack <table id="formtable">
31 verbose stack <tr><td>
31 verbose stack 	<div id="activearea">
31 verbose stack 		<div id="heading">Welcome To Chitkara University Captive Portal</div>
31 verbose stack 		<div id="desc">       Please enter your credentials.</div>
31 verbose stack 		<div id="formdiv">
31 verbose stack            <script>
31 verbose stack function loadPage() {
31 verbose stack 	document.login.user.value = "";
31 verbose stack     if (document.login.user.value == '')
31 verbose stack 	    document.login.user.focus();
31 verbose stack     var errMsg = "";
31 verbose stack 	var respStatus = "";
31 verbose stack 	var respMsg = "";
31 verbose stack 	if (respStatus == "Error") {
31 verbose stack         if (errMsg != "")
31 verbose stack 			errMsg += "<br><br>";
31 verbose stack 		errMsg += "<li>"+respMsg;
31 verbose stack 	} else if (respStatus == "Challenge") {
31 verbose stack 		var divUserName = document.getElementById("dUserName");
31 verbose stack 		divUserName.style.display = "none";
31 verbose stack 		var passwdTitle = document.getElementById("passwdTitle");
31 verbose stack 		passwdTitle.innerHTML = "";
31 verbose stack 		var divInputStr = document.getElementById("dInputStr");
31 verbose stack 		divInputStr.style.display = "block";
31 verbose stack 		divInputStr.innerHTML = respMsg;
31 verbose stack 	}
31 verbose stack 	if (errMsg != "") {
31 verbose stack 		var divObj = document.getElementById("dError");
31 verbose stack 		divObj.style.display = "block";
31 verbose stack 		divObj.innerHTML = errMsg;
31 verbose stack     }
31 verbose stack }
31 verbose stack function submitClicked() {
31 verbose stack     var thisForm = document.getElementById("login_form");
31 verbose stack 	// hide the error div, just incase it was showing.
31 verbose stack 	var divObj = document.getElementById("dError");
31 verbose stack 	divObj.style.display = "none";
31 verbose stack 	divObj.innerHTML = "";
31 verbose stack 	var divTaLogin = document.getElementById("taLogin");
31 verbose stack 	divTaLogin.style.display = "none";
31 verbose stack     thisForm.inputStr.value = "";
31 verbose stack     thisForm.escapeUser.value = thisForm.user.value.replace(/\\/g, "\\\\");
31 verbose stack }
31 verbose stack function onClickHandler() {
31 verbose stack     submitClicked();
31 verbose stack }
31 verbose stack </script>
31 verbose stack  <form name="login" id="login_form" method="post">
31 verbose stack         <input type='hidden' name="inputStr" value="">
31 verbose stack         <input type='hidden' name="escapeUser" value="">
31 verbose stack         <div id="taLogin">
31 verbose stack              <table>
31 verbose stack                   <tr id="dUserName">
31 verbose stack                       <td><span id="userTitle">User</span></td>
31 verbose stack 	                  <td><input type="text" id="user" name="user" size="19"></td>
31 verbose stack 	              </tr>
31 verbose stack 	              <tr>
31 verbose stack                       <td><span id="passwdTitle">Password</span></td>
31 verbose stack 	                  <td>
31 verbose stack                           <div id="dInputStr" style="display:none"><br></div>
31 verbose stack 						  <input type="password" maxlength="40" size="19" name="passwd">
31 verbose stack 	                  </td></tr><tr><td>&nbsp;</td> <td><input class="buttonFixed" type="submit" id="submit"
31 verbose stack                           name="ok" value="Login" onClick="submitClicked()"></td>
31 verbose stack 	              </tr></table></div></form> <div id="dError" class="msg" style="display:none"></div>
31 verbose stack 		</div>
31 verbose stack 	</div>
31 verbose stack </td></tr>
31 verbose stack </table>
31 verbose stack </body>
31 verbose stack </html>
31 verbose stack
31 verbose stack     at JSON.parse (<anonymous>)
31 verbose stack     at CachingRegistryClient.<anonymous> (C:\Program Files\nodejs\node_modules\npm\node_modules\npm-registry-client\lib\request.js:237:23)
31 verbose stack     at Request._callback (C:\Program Files\nodejs\node_modules\npm\node_modules\npm-registry-client\lib\request.js:210:14)
31 verbose stack     at Request.self.callback (C:\Program Files\nodejs\node_modules\npm\node_modules\request\request.js:186:22)
31 verbose stack     at emitTwo (events.js:106:13)
31 verbose stack     at Request.emit (events.js:191:7)
31 verbose stack     at Request.<anonymous> (C:\Program Files\nodejs\node_modules\npm\node_modules\request\request.js:1081:10)
31 verbose stack     at emitOne (events.js:96:13)
31 verbose stack     at Request.emit (events.js:188:7)
31 verbose stack     at IncomingMessage.<anonymous> (C:\Program Files\nodejs\node_modules\npm\node_modules\request\request.js:1001:12)
32 verbose cwd S:\INSTAGRAM
33 error Windows_NT 10.0.15063
34 error argv "C:\\Program Files\\nodejs\\node.exe" "C:\\Program Files\\nodejs\\node_modules\\npm\\bin\\npm-cli.js" "install" "animate.css" "--save"
35 error node v7.4.0
36 error npm  v4.0.5
37 error Unexpected token < in JSON at position 0
37 error <!DOCTYPE HTML PUBLIC "-//W3C//DTD HTML 4.01//EN" "http://www.w3.org/TR/html4/strict.dtd">
37 error <html>
37 error <head>
37 error <meta http-equiv="Content-Type" content="text/html; charset=utf-8">
37 error <META HTTP-EQUIV="PRAGMA" CONTENT="NO-CACHE">
37 error <meta name="viewport" content="initial-scale=1.0">
37 error <title>User Identification Portal</title>
37 error <style>
37 error 	html, body{
37 error 		height: 99%;
37 error 	}
37 error 	body {
37 error 		color: #111;
37 error 		font-family: Verdana,Arial,Helvetica,sans-serif;
37 error 		background-color:#d2d6dA;
37 error 		vertical-align: middle;
37 error 	}
37 error 	#activearea {
37 error 		border-width: 2px;
37 error 		border-color: #c2c6cA;
37 error 		border-style: solid;
37 error 		border-radius: 15px;
37 error 		background-color: #ffffff;
37 error 		padding: 20px;
37 error 		max-width: 400px;
37 error 		margin-left: auto;
37 error 		margin-right: auto;
37 error 	}
37 error 	#heading {
37 error 		font-size: 1.1em;
37 error 		font-weight: bold;
37 error 		max-width: 400px;
37 error 		margin-left: auto;
37 error 		margin-right: auto;
37 error 		text-align: center;
37 error 	}
37 error 	#desc {
37 error 		font-size: 1em;
37 error 		margin: 15px;
37 error 		max-width: 400px;
37 error 		text-align: left;
37 error 		margin-left: auto;
37 error 		margin-right: auto;
37 error 	}
37 error 	form td span {
37 error 		font-size: 1em;
37 error 		font-weight: bold;
37 error 	}
37 error 	#formtable {
37 error 		height: 100%;
37 error 		width: 100%;
37 error 	}
37 error 	#taLogin {
37 error 		width: 250px;
37 error 		margin-left: auto;
37 error 		margin-right: auto;
37 error 	}
37 error 	.buttonFixed {
37 error 		font-size: 1em;
37 error 	}
37 error 	.msg {
37 error 		background-color: #ffff99;
37 error 		border-width: 2px;
37 error 		border-color: #ff0000;
37 error 		border-style: solid;
37 error 		border-radius: 5px;
37 error 		margin-top: 0.5em;
37 error 		padding: 0.5em;
37 error 		max-height: 150px;
37 error 		height: expression( this.scrollHeight > 150 ? "150px" : "auto" ); /* sets max-height for IE */
37 error 		overflow: auto;
37 error 		font-size: 1em;
37 error 	}
37 error </style>
37 error </head>
37 error <body onload="loadPage();">
37 error <table id="formtable">
37 error <tr><td>
37 error 	<div id="activearea">
37 error 		<div id="heading">Welcome To Chitkara University Captive Portal</div>
37 error 		<div id="desc">       Please enter your credentials.</div>
37 error 		<div id="formdiv">
37 error            <script>
37 error function loadPage() {
37 error 	document.login.user.value = "";
37 error     if (document.login.user.value == '')
37 error 	    document.login.user.focus();
37 error     var errMsg = "";
37 error 	var respStatus = "";
37 error 	var respMsg = "";
37 error 	if (respStatus == "Error") {
37 error         if (errMsg != "")
37 error 			errMsg += "<br><br>";
37 error 		errMsg += "<li>"+respMsg;
37 error 	} else if (respStatus == "Challenge") {
37 error 		var divUserName = document.getElementById("dUserName");
37 error 		divUserName.style.display = "none";
37 error 		var passwdTitle = document.getElementById("passwdTitle");
37 error 		passwdTitle.innerHTML = "";
37 error 		var divInputStr = document.getElementById("dInputStr");
37 error 		divInputStr.style.display = "block";
37 error 		divInputStr.innerHTML = respMsg;
37 error 	}
37 error 	if (errMsg != "") {
37 error 		var divObj = document.getElementById("dError");
37 error 		divObj.style.display = "block";
37 error 		divObj.innerHTML = errMsg;
37 error     }
37 error }
37 error function submitClicked() {
37 error     var thisForm = document.getElementById("login_form");
37 error 	// hide the error div, just incase it was showing.
37 error 	var divObj = document.getElementById("dError");
37 error 	divObj.style.display = "none";
37 error 	divObj.innerHTML = "";
37 error 	var divTaLogin = document.getElementById("taLogin");
37 error 	divTaLogin.style.display = "none";
37 error     thisForm.inputStr.value = "";
37 error     thisForm.escapeUser.value = thisForm.user.value.replace(/\\/g, "\\\\");
37 error }
37 error function onClickHandler() {
37 error     submitClicked();
37 error }
37 error </script>
37 error  <form name="login" id="login_form" method="post">
37 error         <input type='hidden' name="inputStr" value="">
37 error         <input type='hidden' name="escapeUser" value="">
37 error         <div id="taLogin">
37 error              <table>
37 error                   <tr id="dUserName">
37 error                       <td><span id="userTitle">User</span></td>
37 error 	                  <td><input type="text" id="user" name="user" size="19"></td>
37 error 	              </tr>
37 error 	              <tr>
37 error                       <td><span id="passwdTitle">Password</span></td>
37 error 	                  <td>
37 error                           <div id="dInputStr" style="display:none"><br></div>
37 error 						  <input type="password" maxlength="40" size="19" name="passwd">
37 error 	                  </td></tr><tr><td>&nbsp;</td> <td><input class="buttonFixed" type="submit" id="submit"
37 error                           name="ok" value="Login" onClick="submitClicked()"></td>
37 error 	              </tr></table></div></form> <div id="dError" class="msg" style="display:none"></div>
37 error 		</div>
37 error 	</div>
37 error </td></tr>
37 error </table>
37 error </body>
37 error </html>
38 error If you need help, you may report this error at:
38 error     <https://github.com/npm/npm/issues>
39 verbose exit [ 1, true ]
